0 info it worked if it ends with ok
1 verbose cli [ '/usr/local/bin/node',
1 verbose cli   '/usr/local/bin/npm',
1 verbose cli   'install',
1 verbose cli   '-g',
1 verbose cli   'jasmine' ]
2 info using npm@2.14.7
3 info using node@v4.2.2
4 verbose install initial load of /usr/local/lib/package.json
5 verbose readDependencies loading dependencies from /usr/local/lib/package.json
6 silly cache add args [ 'jasmine', null ]
7 verbose cache add spec jasmine
8 silly cache add parsed spec Result {
8 silly cache add   raw: 'jasmine',
8 silly cache add   scope: null,
8 silly cache add   name: 'jasmine',
8 silly cache add   rawSpec: '',
8 silly cache add   spec: '*',
8 silly cache add   type: 'range' }
9 silly addNamed jasmine@*
10 verbose addNamed "*" is a valid semver range for jasmine
11 silly addNameRange { name: 'jasmine', range: '*', hasData: false }
12 silly mapToRegistry name jasmine
13 silly mapToRegistry using default registry
14 silly mapToRegistry registry https://registry.npmjs.org/
15 silly mapToRegistry uri https://registry.npmjs.org/jasmine
16 verbose addNameRange registry:https://registry.npmjs.org/jasmine not in flight; fetching
17 verbose request uri https://registry.npmjs.org/jasmine
18 verbose request no auth needed
19 info attempt registry request try #1 at 11:53:26 AM
20 verbose request id 7841023728ea7c5e
21 http request GET https://registry.npmjs.org/jasmine
22 http 200 https://registry.npmjs.org/jasmine
23 verbose headers { server: 'CouchDB/1.5.0 (Erlang OTP/R16B03)',
23 verbose headers   etag: '"4T77ET3ZDFAVWE5A37L3GFJT0"',
23 verbose headers   'content-type': 'application/json',
23 verbose headers   'cache-control': 'max-age=60',
23 verbose headers   'content-length': '12024',
23 verbose headers   'accept-ranges': 'bytes',
23 verbose headers   date: 'Sat, 14 Nov 2015 11:53:26 GMT',
23 verbose headers   via: '1.1 varnish',
23 verbose headers   age: '38',
23 verbose headers   connection: 'keep-alive',
23 verbose headers   'x-served-by': 'cache-ams4142-AMS',
23 verbose headers   'x-cache': 'HIT',
23 verbose headers   'x-cache-hits': '1',
23 verbose headers   'x-timer': 'S1447502006.901066,VS0,VE0',
23 verbose headers   vary: 'Accept' }
24 silly get cb [ 200,
24 silly get   { server: 'CouchDB/1.5.0 (Erlang OTP/R16B03)',
24 silly get     etag: '"4T77ET3ZDFAVWE5A37L3GFJT0"',
24 silly get     'content-type': 'application/json',
24 silly get     'cache-control': 'max-age=60',
24 silly get     'content-length': '12024',
24 silly get     'accept-ranges': 'bytes',
24 silly get     date: 'Sat, 14 Nov 2015 11:53:26 GMT',
24 silly get     via: '1.1 varnish',
24 silly get     age: '38',
24 silly get     connection: 'keep-alive',
24 silly get     'x-served-by': 'cache-ams4142-AMS',
24 silly get     'x-cache': 'HIT',
24 silly get     'x-cache-hits': '1',
24 silly get     'x-timer': 'S1447502006.901066,VS0,VE0',
24 silly get     vary: 'Accept' } ]
25 verbose get saving jasmine to /Users/emilepaffard-wray/.npm/registry.npmjs.org/jasmine/.cache.json
26 silly addNameRange number 2 { name: 'jasmine', range: '*', hasData: true }
27 silly addNameRange versions [ 'jasmine',
27 silly addNameRange   [ '2.0.1',
27 silly addNameRange     '2.1.0',
27 silly addNameRange     '2.1.1',
27 silly addNameRange     '2.2.0',
27 silly addNameRange     '2.2.1',
27 silly addNameRange     '2.3.0',
27 silly addNameRange     '2.3.1',
27 silly addNameRange     '2.3.2' ] ]
28 silly addNamed jasmine@2.3.2
29 verbose addNamed "2.3.2" is a plain semver version for jasmine
30 silly mapToRegistry name jasmine
31 silly mapToRegistry using default registry
32 silly mapToRegistry registry https://registry.npmjs.org/
33 silly mapToRegistry uri https://registry.npmjs.org/jasmine
34 verbose addRemoteTarball https://registry.npmjs.org/jasmine/-/jasmine-2.3.2.tgz not in flight; adding
35 verbose addRemoteTarball [ 'https://registry.npmjs.org/jasmine/-/jasmine-2.3.2.tgz',
35 verbose addRemoteTarball   'febf0e4b4afff63c2d09211f077da0b859f5f191' ]
36 info retry fetch attempt 1 at 11:53:26 AM
37 info attempt registry request try #1 at 11:53:26 AM
38 http fetch GET https://registry.npmjs.org/jasmine/-/jasmine-2.3.2.tgz
39 http fetch 200 https://registry.npmjs.org/jasmine/-/jasmine-2.3.2.tgz
40 silly fetchAndShaCheck shasum febf0e4b4afff63c2d09211f077da0b859f5f191
41 verbose addTmpTarball /var/folders/24/94hqpkh570x058cvtlxr6vs80000gn/T/npm-81022-aeca8688/registry.npmjs.org/jasmine/-/jasmine-2.3.2.tgz not in flight; adding
42 verbose addTmpTarball already have metadata; skipping unpack for jasmine@2.3.2
43 silly cache afterAdd jasmine@2.3.2
44 verbose afterAdd /Users/emilepaffard-wray/.npm/jasmine/2.3.2/package/package.json not in flight; writing
45 verbose afterAdd /Users/emilepaffard-wray/.npm/jasmine/2.3.2/package/package.json written
46 silly install resolved [ { name: 'jasmine',
46 silly install resolved     description: 'Command line jasmine',
46 silly install resolved     homepage: 'http://jasmine.github.io/',
46 silly install resolved     keywords: [ 'test', 'jasmine', 'tdd', 'bdd' ],
46 silly install resolved     license: 'MIT',
46 silly install resolved     version: '2.3.2',
46 silly install resolved     repository:
46 silly install resolved      { type: 'git',
46 silly install resolved        url: 'git+https://github.com/jasmine/jasmine-npm.git' },
46 silly install resolved     scripts: { test: 'grunt && ./bin/jasmine.js' },
46 silly install resolved     dependencies: { exit: '^0.1.2', glob: '^3.2.11', 'jasmine-core': '~2.3.0' },
46 silly install resolved     bin: { jasmine: './bin/jasmine.js' },
46 silly install resolved     main: './lib/jasmine.js',
46 silly install resolved     devDependencies:
46 silly install resolved      { grunt: '^0.4.2',
46 silly install resolved        'grunt-cli': '^0.1.13',
46 silly install resolved        'grunt-contrib-jshint': '^0.11.0',
46 silly install resolved        shelljs: '^0.3.0' },
46 silly install resolved     gitHead: '6c9d5896e582b06e577ea62bef965cd7468eefeb',
46 silly install resolved     bugs: { url: 'https://github.com/jasmine/jasmine-npm/issues' },
46 silly install resolved     _id: 'jasmine@2.3.2',
46 silly install resolved     _shasum: 'febf0e4b4afff63c2d09211f077da0b859f5f191',
46 silly install resolved     _from: 'jasmine@*',
46 silly install resolved     _npmVersion: '2.12.1',
46 silly install resolved     _nodeVersion: '0.12.6',
46 silly install resolved     _npmUser: { name: 'slackersoft', email: 'gregg@slackersoft.net' },
46 silly install resolved     dist:
46 silly install resolved      { shasum: 'febf0e4b4afff63c2d09211f077da0b859f5f191',
46 silly install resolved        tarball: 'http://registry.npmjs.org/jasmine/-/jasmine-2.3.2.tgz' },
46 silly install resolved     maintainers: [ [Object], [Object], [Object] ],
46 silly install resolved     directories: {},
46 silly install resolved     _resolved: 'https://registry.npmjs.org/jasmine/-/jasmine-2.3.2.tgz' } ]
47 info install jasmine@2.3.2 into /usr/local/lib
48 info installOne jasmine@2.3.2
49 verbose installOne of jasmine to /usr/local/lib not in flight; installing
50 verbose lock using /Users/emilepaffard-wray/.npm/_locks/jasmine-166463d93d0f0777.lock for /usr/local/lib/node_modules/jasmine
51 silly install write writing jasmine 2.3.2 to /usr/local/lib/node_modules/jasmine
52 verbose unbuild lib/node_modules/jasmine
53 silly gentlyRm /usr/local/lib/node_modules/jasmine is being purged from base /usr/local
54 verbose gentlyRm don't care about contents; nuking /usr/local/lib/node_modules/jasmine
55 verbose tar unpack /Users/emilepaffard-wray/.npm/jasmine/2.3.2/package.tgz
56 verbose tar unpacking to /usr/local/lib/node_modules/jasmine
57 silly gentlyRm /usr/local/lib/node_modules/jasmine is being purged
58 verbose gentlyRm don't care about contents; nuking /usr/local/lib/node_modules/jasmine
59 silly gunzTarPerm modes [ '755', '644' ]
60 error tar.unpack untar error /Users/emilepaffard-wray/.npm/jasmine/2.3.2/package.tgz
61 verbose unlock done using /Users/emilepaffard-wray/.npm/_locks/jasmine-166463d93d0f0777.lock for /usr/local/lib/node_modules/jasmine
62 verbose fstream_path /usr/local/lib/node_modules/jasmine
63 verbose fstream_type Directory
64 verbose fstream_class DirWriter
65 verbose stack Error: EACCES: permission denied, mkdir '/usr/local/lib/node_modules/jasmine'
65 verbose stack     at Error (native)
66 verbose fstream_stack /usr/local/lib/node_modules/npm/node_modules/fstream/lib/dir-writer.js:35:25
66 verbose fstream_stack /usr/local/lib/node_modules/npm/node_modules/mkdirp/index.js:47:53
66 verbose fstream_stack FSReqWrap.oncomplete (fs.js:82:15)
67 verbose cwd /Users/emilepaffard-wray/PERSONAL/pivotal
68 error Darwin 15.0.0
69 error argv "/usr/local/bin/node" "/usr/local/bin/npm" "install" "-g" "jasmine"
70 error node v4.2.2
71 error npm  v2.14.7
72 error path /usr/local/lib/node_modules/jasmine
73 error code EACCES
74 error errno -13
75 error syscall mkdir
76 error Error: EACCES: permission denied, mkdir '/usr/local/lib/node_modules/jasmine'
76 error     at Error (native)
76 error  { [Error: EACCES: permission denied, mkdir '/usr/local/lib/node_modules/jasmine']
76 error   errno: -13,
76 error   code: 'EACCES',
76 error   syscall: 'mkdir',
76 error   path: '/usr/local/lib/node_modules/jasmine',
76 error   fstream_type: 'Directory',
76 error   fstream_path: '/usr/local/lib/node_modules/jasmine',
76 error   fstream_class: 'DirWriter',
76 error   fstream_stack:
76 error    [ '/usr/local/lib/node_modules/npm/node_modules/fstream/lib/dir-writer.js:35:25',
76 error      '/usr/local/lib/node_modules/npm/node_modules/mkdirp/index.js:47:53',
76 error      'FSReqWrap.oncomplete (fs.js:82:15)' ] }
77 error Please try running this command again as root/Administrator.
78 verbose exit [ -13, true ]
79 verbose unbuild lib/node_modules/jasmine
80 silly gentlyRm /usr/local/lib/node_modules/jasmine is being purged from base /usr/local
81 verbose gentlyRm don't care about contents; nuking /usr/local/lib/node_modules/jasmine
